This file contains any messages produced by compilers while
running configure, to aid debugging if configure makes a mistake.

It was created by FreeType configure 2.11.1, which was
generated by GNU Autoconf 2.71.  Invocation command line was

  $ ./configure --prefix=/Users/user/Desktop/gui_mlx/libs/freetype/objs/.libs

## --------- ##
## Platform. ##
## --------- ##

hostname = MacBook-Pro-de-mac.local
uname -m = x86_64
uname -r = 21.2.0
uname -s = Darwin
uname -v = Darwin Kernel Version 21.2.0: Sun Nov 28 20:28:54 PST 2021; root:xnu-8019.61.5~1/RELEASE_X86_64

/usr/bin/uname -p = i386
/bin/uname -X     = unknown

/bin/arch              = unknown
/usr/bin/arch -k       = unknown
/usr/convex/getsysinfo = unknown
/usr/bin/hostinfo      = Mach kernel version:
	 Darwin Kernel Version 21.2.0: Sun Nov 28 20:28:54 PST 2021; root:xnu-8019.61.5~1/RELEASE_X86_64
Kernel configured for up to 8 processors.
4 processors are physically available.
8 processors are logically available.
Processor type: x86_64h (Intel x86-64h Haswell)
Processors active: 0 1 2 3 4 5 6 7
Primary memory available: 16.00 gigabytes
Default processor set: 470 tasks, 1930 threads, 8 processors
Load average: 2.69, Mach factor: 5.30
/bin/machine           = unknown
/usr/bin/oslevel       = unknown
/bin/universe          = unknown

PATH: /usr/local/bin/
PATH: /usr/bin/
PATH: /bin/
PATH: /usr/sbin/
PATH: /sbin/
PATH: /Library/Apple/usr/bin/
PATH: /Users/user/.zsh/misc/


## ----------- ##
## Core tests. ##
## ----------- ##

configure:2563: looking for aux files: install-sh ltmain.sh config.guess config.sub
configure:2576:  trying ./
configure:2587:   ./install-sh found
configure:2605:   ./ltmain.sh found
configure:2605:   ./config.guess found
configure:2605:   ./config.sub found
configure:2736: checking build system type
configure:2751: result: x86_64-apple-darwin21.2.0
configure:2771: checking host system type
configure:2785: result: x86_64-apple-darwin21.2.0
configure:2871: checking for gcc
configure:2892: found /usr/bin/gcc
configure:2903: result: gcc
configure:3256: checking for C compiler version
configure:3265: gcc --version >&5
Apple clang version 13.0.0 (clang-1300.0.29.30)
Target: x86_64-apple-darwin21.2.0
Thread model: posix
InstalledDir: /Applications/Xcode.app/Contents/Developer/Toolchains/XcodeDefault.xctoolchain/usr/bin
Configured with: --prefix=/Applications/Xcode.app/Contents/Developer/usr --with-gxx-include-dir=/Applications/Xcode.app/Contents/Developer/Platforms/MacOSX.platform/Developer/SDKs/MacOSX.sdk/usr/include/c++/4.2.1
configure:3276: $? = 0
configure:3265: gcc -v >&5
Configured with: --prefix=/Applications/Xcode.app/Contents/Developer/usr --with-gxx-include-dir=/Applications/Xcode.app/Contents/Developer/Platforms/MacOSX.platform/Developer/SDKs/MacOSX.sdk/usr/include/c++/4.2.1
Apple clang version 13.0.0 (clang-1300.0.29.30)
Target: x86_64-apple-darwin21.2.0
Thread model: posix
InstalledDir: /Applications/Xcode.app/Contents/Developer/Toolchains/XcodeDefault.xctoolchain/usr/bin
configure:3276: $? = 0
configure:3265: gcc -V >&5
clang: error: argument to '-V' is missing (expected 1 value)
clang: error: no input files
configure:3276: $? = 1
configure:3265: gcc -qversion >&5
clang: error: unknown argument '-qversion'; did you mean '--version'?
clang: error: no input files
configure:3276: $? = 1
configure:3265: gcc -version >&5
clang: error: unknown argument '-version'; did you mean '--version'?
clang: error: no input files
configure:3276: $? = 1
configure:3296: checking whether the C compiler works
configure:3318: gcc    conftest.c  >&5
configure:3322: $? = 0
configure:3372: result: yes
configure:3375: checking for C compiler default output file name
configure:3377: result: a.out
configure:3383: checking for suffix of executables
configure:3390: gcc -o conftest    conftest.c  >&5
configure:3394: $? = 0
configure:3417: result: 
configure:3439: checking whether we are cross compiling
configure:3447: gcc -o conftest    conftest.c  >&5
configure:3451: $? = 0
configure:3458: ./conftest
configure:3462: $? = 0
configure:3477: result: no
configure:3482: checking for suffix of object files
configure:3505: gcc -c   conftest.c >&5
configure:3509: $? = 0
configure:3531: result: o
configure:3535: checking whether the compiler supports GNU C
configure:3555: gcc -c   conftest.c >&5
configure:3555: $? = 0
configure:3565: result: yes
configure:3576: checking whether gcc accepts -g
configure:3597: gcc -c -g  conftest.c >&5
configure:3597: $? = 0
configure:3641: result: yes
configure:3661: checking for gcc option to enable C11 features
configure:3676: gcc  -c -g -O2  conftest.c >&5
configure:3676: $? = 0
configure:3694: result: none needed
configure:3809: checking how to run the C preprocessor
configure:3835: gcc -E  conftest.c
configure:3835: $? = 0
configure:3850: gcc -E  conftest.c
conftest.c:9:10: fatal error: 'ac_nonexistent.h' file not found
#include <ac_nonexistent.h>
         ^~~~~~~~~~~~~~~~~~
1 error generated.
configure:3850: $? = 1
configure: failed program was:
| /* confdefs.h */
| #define PACKAGE_NAME "FreeType"
| #define PACKAGE_TARNAME "freetype"
| #define PACKAGE_VERSION "2.11.1"
| #define PACKAGE_STRING "FreeType 2.11.1"
| #define PACKAGE_BUGREPORT "freetype@nongnu.org"
| #define PACKAGE_URL ""
| /* end confdefs.h.  */
| #include <ac_nonexistent.h>
configure:3877: result: gcc -E
configure:3891: gcc -E  conftest.c
configure:3891: $? = 0
configure:3906: gcc -E  conftest.c
conftest.c:9:10: fatal error: 'ac_nonexistent.h' file not found
#include <ac_nonexistent.h>
         ^~~~~~~~~~~~~~~~~~
1 error generated.
configure:3906: $? = 1
configure: failed program was:
| /* confdefs.h */
| #define PACKAGE_NAME "FreeType"
| #define PACKAGE_TARNAME "freetype"
| #define PACKAGE_VERSION "2.11.1"
| #define PACKAGE_STRING "FreeType 2.11.1"
| #define PACKAGE_BUGREPORT "freetype@nongnu.org"
| #define PACKAGE_URL ""
| /* end confdefs.h.  */
| #include <ac_nonexistent.h>
configure:3997: checking for pkg-config
configure:4035: result: no
configure:4117: checking how to print strings
configure:4144: result: printf
configure:4165: checking for a sed that does not truncate output
configure:4235: result: /usr/bin/sed
configure:4253: checking for grep that handles long lines and -e
configure:4317: result: /usr/bin/grep
configure:4322: checking for egrep
configure:4390: result: /usr/bin/grep -E
configure:4395: checking for fgrep
configure:4463: result: /usr/bin/grep -F
configure:4499: checking for ld used by gcc
configure:4567: result: /Applications/Xcode.app/Contents/Developer/Toolchains/XcodeDefault.xctoolchain/usr/bin/ld
configure:4574: checking if the linker (/Applications/Xcode.app/Contents/Developer/Toolchains/XcodeDefault.xctoolchain/usr/bin/ld) is GNU ld
configure:4590: result: no
configure:4602: checking for BSD- or MS-compatible name lister (nm)
configure:4657: result: /usr/bin/nm -B
configure:4797: checking the name lister (/usr/bin/nm -B) interface
configure:4805: gcc -c -g -O2  conftest.c >&5
configure:4808: /usr/bin/nm -B "conftest.o"
configure:4811: output
000000000000025c S _some_variable
configure:4818: result: BSD nm
configure:4821: checking whether ln -s works
configure:4825: result: yes
configure:4833: checking the maximum length of command line arguments
configure:4965: result: 786432
configure:5013: checking how to convert x86_64-apple-darwin21.2.0 file names to x86_64-apple-darwin21.2.0 format
configure:5054: result: func_convert_file_noop
configure:5061: checking how to convert x86_64-apple-darwin21.2.0 file names to toolchain format
configure:5082: result: func_convert_file_noop
configure:5089: checking for /Applications/Xcode.app/Contents/Developer/Toolchains/XcodeDefault.xctoolchain/usr/bin/ld option to reload object files
configure:5097: result: -r
configure:5176: checking for objdump
configure:5197: found /usr/bin/objdump
configure:5208: result: objdump
configure:5237: checking how to recognize dependent libraries
configure:5438: result: pass_all
configure:5528: checking for dlltool
configure:5563: result: no
configure:5590: checking how to associate runtime and link libraries
configure:5618: result: printf %s\n
configure:5684: checking for ar
configure:5705: found /usr/bin/ar
configure:5716: result: ar
configure:5753: checking for archiver @FILE support
configure:5771: gcc -c -g -O2  conftest.c >&5
configure:5771: $? = 0
configure:5775: ar cru libconftest.a @conftest.lst >&5
ar: @conftest.lst: No such file or directory
configure:5778: $? = 1
configure:5798: result: no
configure:5861: checking for strip
configure:5882: found /usr/bin/strip
configure:5893: result: strip
configure:5970: checking for ranlib
configure:5991: found /usr/bin/ranlib
configure:6002: result: ranlib
configure:6079: checking for gawk
configure:6114: result: no
configure:6079: checking for mawk
configure:6114: result: no
configure:6079: checking for nawk
configure:6114: result: no
configure:6079: checking for awk
configure:6100: found /usr/bin/awk
configure:6111: result: awk
configure:6151: checking command to parse /usr/bin/nm -B output from gcc object
configure:6305: gcc -c -g -O2  conftest.c >&5
configure:6308: $? = 0
configure:6312: /usr/bin/nm -B conftest.o \| sed -n -e 's/^.*[ ]\([BCDEGRST][BCDEGRST]*\)[ ][ ]*\([_A-Za-z][_A-Za-z0-9]*\)$/\1 \2 \2/p' | sed '/ __gnu_lto/d' \> conftest.nm
configure:6315: $? = 0
cannot find nm_test_var in conftest.nm
configure:6305: gcc -c -g -O2  conftest.c >&5
configure:6308: $? = 0
configure:6312: /usr/bin/nm -B conftest.o \| sed -n -e 's/^.*[ ]\([BCDEGRST][BCDEGRST]*\)[ ][ ]*_\([_A-Za-z][_A-Za-z0-9]*\)$/\1 _\2 \2/p' | sed '/ __gnu_lto/d' \> conftest.nm
configure:6315: $? = 0
configure:6381: gcc -o conftest -g -O2   conftest.c conftstm.o >&5
warning: (x86_64)  could not find object file symbol for symbol _main
configure:6384: $? = 0
configure:6422: result: ok
configure:6469: checking for sysroot
configure:6500: result: no
configure:6507: checking for a working dd
configure:6551: result: /bin/dd
configure:6555: checking how to truncate binary pipes
configure:6571: result: /bin/dd bs=4096 count=1
configure:6908: checking for mt
configure:6943: result: no
configure:6963: checking if : is a manifest tool
configure:6970: : '-?'
configure:6978: result: no
configure:7039: checking for dsymutil
configure:7060: found /usr/bin/dsymutil
configure:7071: result: dsymutil
configure:7141: checking for nmedit
configure:7162: found /usr/bin/nmedit
configure:7173: result: nmedit
configure:7243: checking for lipo
configure:7264: found /usr/bin/lipo
configure:7275: result: lipo
configure:7345: checking for otool
configure:7366: found /usr/bin/otool
configure:7377: result: otool
configure:7447: checking for otool64
configure:7482: result: no
configure:7527: checking for -single_module linker flag
gcc -g -O2  -o libconftest.dylib -dynamiclib -Wl,-single_module conftest.c
configure:7561: result: yes
configure:7564: checking for -exported_symbols_list linker flag
configure:7585: gcc -o conftest -g -O2   -Wl,-exported_symbols_list,conftest.sym conftest.c  >&5
configure:7585: $? = 0
configure:7596: result: yes
configure:7599: checking for -force_load linker flag
gcc -g -O2 -c -o conftest.o conftest.c
ar cru libconftest.a conftest.o
ranlib libconftest.a
gcc -g -O2  -o conftest conftest.c -Wl,-force_load,./libconftest.a
configure:7632: result: yes
configure:7708: checking for stdio.h
configure:7708: gcc -c -g -O2  conftest.c >&5
configure:7708: $? = 0
configure:7708: result: yes
configure:7708: checking for stdlib.h
configure:7708: gcc -c -g -O2  conftest.c >&5
configure:7708: $? = 0
configure:7708: result: yes
configure:7708: checking for string.h
configure:7708: gcc -c -g -O2  conftest.c >&5
configure:7708: $? = 0
configure:7708: result: yes
configure:7708: checking for inttypes.h
configure:7708: gcc -c -g -O2  conftest.c >&5
configure:7708: $? = 0
configure:7708: result: yes
configure:7708: checking for stdint.h
configure:7708: gcc -c -g -O2  conftest.c >&5
configure:7708: $? = 0
configure:7708: result: yes
configure:7708: checking for strings.h
configure:7708: gcc -c -g -O2  conftest.c >&5
configure:7708: $? = 0
configure:7708: result: yes
configure:7708: checking for sys/stat.h
configure:7708: gcc -c -g -O2  conftest.c >&5
configure:7708: $? = 0
configure:7708: result: yes
configure:7708: checking for sys/types.h
configure:7708: gcc -c -g -O2  conftest.c >&5
configure:7708: $? = 0
configure:7708: result: yes
configure:7708: checking for unistd.h
configure:7708: gcc -c -g -O2  conftest.c >&5
configure:7708: $? = 0
configure:7708: result: yes
configure:7708: checking for sys/param.h
configure:7708: gcc -c -g -O2  conftest.c >&5
configure:7708: $? = 0
configure:7708: result: yes
configure:7733: checking for dlfcn.h
configure:7733: gcc -c -g -O2  conftest.c >&5
configure:7733: $? = 0
configure:7733: result: yes
configure:8320: checking for objdir
configure:8336: result: .libs
configure:8596: checking if gcc supports -fno-rtti -fno-exceptions
configure:8615: gcc -c -g -O2  -fno-rtti -fno-exceptions conftest.c >&5
configure:8619: $? = 0
configure:8632: result: yes
configure:8990: checking for gcc option to produce PIC
configure:8998: result: -fno-common -DPIC
configure:9006: checking if gcc PIC flag -fno-common -DPIC works
configure:9025: gcc -c -g -O2  -fno-common -DPIC -DPIC conftest.c >&5
configure:9029: $? = 0
configure:9042: result: yes
configure:9071: checking if gcc static flag -static works
configure:9100: result: no
configure:9115: checking if gcc supports -c -o file.o
configure:9137: gcc -c -g -O2  -o out/conftest2.o conftest.c >&5
configure:9141: $? = 0
configure:9163: result: yes
configure:9171: checking if gcc supports -c -o file.o
configure:9219: result: yes
configure:9252: checking whether the gcc linker (/Applications/Xcode.app/Contents/Developer/Toolchains/XcodeDefault.xctoolchain/usr/bin/ld) supports shared libraries
configure:10518: result: yes
configure:10759: checking dynamic linker characteristics
configure:11580: result: darwin21.2.0 dyld
configure:11702: checking how to hardcode library paths into programs
configure:11727: result: immediate
configure:12279: checking whether stripping libraries is possible
configure:12293: result: yes
configure:12319: checking if libtool supports shared libraries
configure:12321: result: yes
configure:12324: checking whether to build shared libraries
configure:12349: result: yes
configure:12352: checking whether to build static libraries
configure:12356: result: yes
configure:12393: checking for windows.h
configure:12393: gcc -c -g -O2  conftest.c >&5
conftest.c:50:10: fatal error: 'windows.h' file not found
#include <windows.h>
         ^~~~~~~~~~~
1 error generated.
configure:12393: $? = 1
configure: failed program was:
| /* confdefs.h */
| #define PACKAGE_NAME "FreeType"
| #define PACKAGE_TARNAME "freetype"
| #define PACKAGE_VERSION "2.11.1"
| #define PACKAGE_STRING "FreeType 2.11.1"
| #define PACKAGE_BUGREPORT "freetype@nongnu.org"
| #define PACKAGE_URL ""
| #define HAVE_STDIO_H 1
| #define HAVE_STDLIB_H 1
| #define HAVE_STRING_H 1
| #define HAVE_INTTYPES_H 1
| #define HAVE_STDINT_H 1
| #define HAVE_STRINGS_H 1
| #define HAVE_SYS_STAT_H 1
| #define HAVE_SYS_TYPES_H 1
| #define HAVE_UNISTD_H 1
| #define HAVE_SYS_PARAM_H 1
| #define STDC_HEADERS 1
| #define HAVE_DLFCN_H 1
| #define LT_OBJDIR ".libs/"
| /* end confdefs.h.  */
| #include <stddef.h>
| #ifdef HAVE_STDIO_H
| # include <stdio.h>
| #endif
| #ifdef HAVE_STDLIB_H
| # include <stdlib.h>
| #endif
| #ifdef HAVE_STRING_H
| # include <string.h>
| #endif
| #ifdef HAVE_INTTYPES_H
| # include <inttypes.h>
| #endif
| #ifdef HAVE_STDINT_H
| # include <stdint.h>
| #endif
| #ifdef HAVE_STRINGS_H
| # include <strings.h>
| #endif
| #ifdef HAVE_SYS_TYPES_H
| # include <sys/types.h>
| #endif
| #ifdef HAVE_SYS_STAT_H
| # include <sys/stat.h>
| #endif
| #ifdef HAVE_UNISTD_H
| # include <unistd.h>
| #endif
| #include <windows.h>
configure:12393: result: no
configure:12772: checking for a BSD-compatible install
configure:12845: result: /usr/bin/install -c
configure:12865: checking for a race-free mkdir -p
configure:12909: result: ./install-sh -c -d
configure:12923: checking for fcntl.h
configure:12923: gcc -c -g -O2  conftest.c >&5
configure:12923: $? = 0
configure:12923: result: yes
configure:12929: checking for unistd.h
configure:12929: result: yes
configure:12940: checking for an ANSI C-conforming const
configure:13007: gcc -c -g -O2  conftest.c >&5
configure:13007: $? = 0
configure:13015: result: yes
configure:13050: checking for special C compiler options needed for large files
configure:13098: result: no
configure:13104: checking for _FILE_OFFSET_BITS value needed for large files
configure:13130: gcc -c -g -O2  conftest.c >&5
configure:13130: $? = 0
configure:13164: result: no
configure:13275: checking for getpagesize
configure:13275: gcc -o conftest -g -O2   conftest.c  >&5
configure:13275: $? = 0
configure:13275: result: yes
configure:13286: checking for working mmap
configure:13438: gcc -o conftest -g -O2   conftest.c  >&5
configure:13438: $? = 0
configure:13438: ./conftest
configure:13438: $? = 0
configure:13449: result: yes
configure:13461: checking for gcc options needed to detect all undeclared functions
configure:13483: gcc -c -g -O2   conftest.c >&5
conftest.c:30:8: error: implicitly declaring library function 'strchr' with type 'char *(const char *, int)' [-Werror,-Wimplicit-function-declaration]
(void) strchr;
       ^
conftest.c:30:8: note: include the header <string.h> or explicitly provide a declaration for 'strchr'
1 error generated.
configure:13483: $? = 1
configure: failed program was:
| /* confdefs.h */
| #define PACKAGE_NAME "FreeType"
| #define PACKAGE_TARNAME "freetype"
| #define PACKAGE_VERSION "2.11.1"
| #define PACKAGE_STRING "FreeType 2.11.1"
| #define PACKAGE_BUGREPORT "freetype@nongnu.org"
| #define PACKAGE_URL ""
| #define HAVE_STDIO_H 1
| #define HAVE_STDLIB_H 1
| #define HAVE_STRING_H 1
| #define HAVE_INTTYPES_H 1
| #define HAVE_STDINT_H 1
| #define HAVE_STRINGS_H 1
| #define HAVE_SYS_STAT_H 1
| #define HAVE_SYS_TYPES_H 1
| #define HAVE_UNISTD_H 1
| #define HAVE_SYS_PARAM_H 1
| #define STDC_HEADERS 1
| #define HAVE_DLFCN_H 1
| #define LT_OBJDIR ".libs/"
| #define HAVE_FCNTL_H 1
| #define HAVE_UNISTD_H 1
| #define HAVE_GETPAGESIZE 1
| #define HAVE_MMAP 1
| /* end confdefs.h.  */
| 
| int
| main (void)
| {
| (void) strchr;
|   ;
|   return 0;
| }
configure:13510: gcc -c -g -O2   conftest.c >&5
configure:13510: $? = 0
configure:13527: result: none needed
configure:13541: checking whether munmap is declared
configure:13541: gcc -c -g -O2   conftest.c >&5
configure:13541: $? = 0
configure:13541: result: yes
configure:13559: checking for munmap's first parameter type
configure:13573: gcc -c -g -O2  conftest.c >&5
configure:13573: $? = 0
configure:13575: result: void *
configure:13597: checking for memcpy
configure:13597: gcc -o conftest -g -O2   conftest.c  >&5
conftest.c:44:6: warning: incompatible redeclaration of library function 'memcpy' [-Wincompatible-library-redeclaration]
char memcpy ();
     ^
conftest.c:44:6: note: 'memcpy' is a builtin with type 'void *(void *, const void *, unsigned long)'
1 warning generated.
configure:13597: $? = 0
configure:13597: result: yes
configure:13603: checking for memmove
configure:13603: gcc -o conftest -g -O2   conftest.c  >&5
conftest.c:45:6: warning: incompatible redeclaration of library function 'memmove' [-Wincompatible-library-redeclaration]
char memmove ();
     ^
conftest.c:45:6: note: 'memmove' is a builtin with type 'void *(void *, const void *, unsigned long)'
1 warning generated.
configure:13603: $? = 0
configure:13603: result: yes
configure:13633: checking gcc compiler flag -pedantic to assure ANSI C99 works correctly
configure:13660: gcc -c -g -O2  -pedantic  conftest.c >&5
configure:13660: $? = 0
configure:13662: result: ok, adding to XX_ANSIFLAGS
configure:13633: checking gcc compiler flag -std=c99 to assure ANSI C99 works correctly
configure:13660: gcc -c -g -O2  -pedantic -std=c99  conftest.c >&5
configure:13660: $? = 0
configure:13662: result: ok, adding to XX_ANSIFLAGS
configure:13696: checking for -fvisibility=hidden compiler flag
configure:13711: gcc -o conftest -g -O2 -fvisibility=hidden   conftest.c  >&5
configure:13711: $? = 0
configure:13714: result: yes
configure:13799: checking for ZLIB
configure:13858: result: no
configure:13884: checking for gzsetparams in -lz
configure:13907: gcc -o conftest -g -O2 -fvisibility=hidden   conftest.c -lz   >&5
configure:13907: $? = 0
configure:13917: result: yes
configure:13921: checking for zlib.h
configure:13921: gcc -c -g -O2 -fvisibility=hidden  conftest.c >&5
configure:13921: $? = 0
configure:13921: result: yes
configure:13970: checking for BZIP2
configure:14029: result: no
configure:14055: checking for BZ2_bzDecompress in -lbz2
configure:14078: gcc -o conftest -g -O2 -fvisibility=hidden   conftest.c -lbz2   >&5
configure:14078: $? = 0
configure:14088: result: yes
configure:14092: checking for bzlib.h
configure:14092: gcc -c -g -O2 -fvisibility=hidden  conftest.c >&5
configure:14092: $? = 0
configure:14092: result: yes
configure:14141: checking for LIBPNG
configure:14200: result: no
configure:14226: checking for libpng-config
configure:14237: result: no
configure:14278: checking for HARFBUZZ
configure:14337: result: no
configure:14403: checking for BROTLI
configure:14462: result: no
configure:14507: checking for library containing clock_gettime
configure:14537: gcc -o conftest -g -O2 -fvisibility=hidden   conftest.c  >&5
configure:14537: $? = 0
configure:14557: result: none required
configure:15163: checking target system type
configure:15177: result: x86_64-apple-darwin21.2.0
configure:15364: checking whether gcc is Clang
configure:15391: result: yes
configure:15456: checking whether pthreads work with "-pthread" and "-lpthread"
configure:15567: gcc -o conftest -g -O2 -fvisibility=hidden -DDARWIN_NO_CARBON -pthread   conftest.c -lpthread  >&5
configure:15567: $? = 0
configure:15577: result: yes
configure:15626: checking whether Clang needs flag to prevent "argument unused" warning when linking with -pthread
configure:15653: gcc -o conftest -Werror -Wunknown-warning-option  -pthread -g -O2 -fvisibility=hidden -DDARWIN_NO_CARBON   conftest.c  >&5
configure:15653: $? = 0
configure:15660: (gcc -c -Werror -Wunknown-warning-option  -pthread -g -O2 -fvisibility=hidden -DDARWIN_NO_CARBON  conftest.c >&5) && (echo ==== >&5) && (gcc -o conftest -Werror -Wunknown-warning-option  -pthread -g -O2 -fvisibility=hidden -DDARWIN_NO_CARBON   conftest.o  >&5)
====
configure:15660: $? = 0
configure:15680: result: no
configure:15700: checking for joinable pthread attribute
configure:15719: gcc -o conftest -g -O2 -fvisibility=hidden -DDARWIN_NO_CARBON -pthread   conftest.c -lpthread  >&5
configure:15719: $? = 0
configure:15728: result: PTHREAD_CREATE_JOINABLE
configure:15741: checking whether more special flags are required for pthreads
configure:15755: result: no
configure:15764: checking for PTHREAD_PRIO_INHERIT
configure:15782: gcc -o conftest -g -O2 -fvisibility=hidden -DDARWIN_NO_CARBON -pthread   conftest.c -lpthread  >&5
configure:15782: $? = 0
configure:15792: result: yes
configure:15976: checking for python3
configure:15997: found /usr/local/bin/python3
configure:16008: result: python3
configure:16030: checking for python version
configure:16035: result: 3.9.9
configure:16095: checking for `docwriter' Python module
configure:16103: result: no
configure:16357: creating ./config.status

## ---------------------- ##
## Running config.status. ##
## ---------------------- ##

This file was extended by FreeType config.status 2.11.1, which was
generated by GNU Autoconf 2.71.  Invocation command line was

  CONFIG_FILES    = 
  CONFIG_HEADERS  = 
  CONFIG_LINKS    = 
  CONFIG_COMMANDS = 
  $ ./config.status 

on MacBook-Pro-de-mac.local

config.status:1137: creating ftoption.h
config.status:1137: creating unix-cc.mk
config.status:1137: creating unix-def.mk
config.status:1137: creating ftconfig.h
config.status:1318: ftconfig.h is unchanged
config.status:1332: executing libtool commands
configure:18591:

Library configuration:
  external zlib: yes (autoconf test)
  bzip2:         yes (autoconf test)
  libpng:        no
  harfbuzz:      no
  brotli:        no
  pthread:       yes

configure:18615: WARNING:
  `make refdoc' will fail since pip package `docwriter' is not installed.
  To install, run `python3 -m pip install docwriter', or to use a Python
  virtual environment, run `make refdoc-venv' (requires pip package
  `virtualenv').  These operations require Python >= 3.5.
  

## ---------------- ##
## Cache variables. ##
## ---------------- ##

ac_cv_build=x86_64-apple-darwin21.2.0
ac_cv_c_compiler_gnu=yes
ac_cv_c_const=yes
ac_cv_c_undeclared_builtin_options='none needed'
ac_cv_env_BROTLI_CFLAGS_set=
ac_cv_env_BROTLI_CFLAGS_value=
ac_cv_env_BROTLI_LIBS_set=
ac_cv_env_BROTLI_LIBS_value=
ac_cv_env_BZIP2_CFLAGS_set=
ac_cv_env_BZIP2_CFLAGS_value=
ac_cv_env_BZIP2_LIBS_set=
ac_cv_env_BZIP2_LIBS_value=
ac_cv_env_CC_set=
ac_cv_env_CC_value=
ac_cv_env_CFLAGS_set=
ac_cv_env_CFLAGS_value=
ac_cv_env_CPPFLAGS_set=
ac_cv_env_CPPFLAGS_value=
ac_cv_env_CPP_set=
ac_cv_env_CPP_value=
ac_cv_env_HARFBUZZ_CFLAGS_set=
ac_cv_env_HARFBUZZ_CFLAGS_value=
ac_cv_env_HARFBUZZ_LIBS_set=
ac_cv_env_HARFBUZZ_LIBS_value=
ac_cv_env_LDFLAGS_set=
ac_cv_env_LDFLAGS_value=
ac_cv_env_LIBPNG_CFLAGS_set=
ac_cv_env_LIBPNG_CFLAGS_value=
ac_cv_env_LIBPNG_LIBS_set=
ac_cv_env_LIBPNG_LIBS_value=
ac_cv_env_LIBS_set=
ac_cv_env_LIBS_value=
ac_cv_env_LT_SYS_LIBRARY_PATH_set=
ac_cv_env_LT_SYS_LIBRARY_PATH_value=
ac_cv_env_PKG_CONFIG_LIBDIR_set=
ac_cv_env_PKG_CONFIG_LIBDIR_value=
ac_cv_env_PKG_CONFIG_PATH_set=
ac_cv_env_PKG_CONFIG_PATH_value=
ac_cv_env_PKG_CONFIG_set=
ac_cv_env_PKG_CONFIG_value=
ac_cv_env_ZLIB_CFLAGS_set=
ac_cv_env_ZLIB_CFLAGS_value=
ac_cv_env_ZLIB_LIBS_set=
ac_cv_env_ZLIB_LIBS_value=
ac_cv_env_build_alias_set=
ac_cv_env_build_alias_value=
ac_cv_env_host_alias_set=
ac_cv_env_host_alias_value=
ac_cv_env_target_alias_set=
ac_cv_env_target_alias_value=
ac_cv_func_getpagesize=yes
ac_cv_func_memcpy=yes
ac_cv_func_memmove=yes
ac_cv_func_mmap_fixed_mapped=yes
ac_cv_have_decl_munmap=yes
ac_cv_header_bzlib_h=yes
ac_cv_header_dlfcn_h=yes
ac_cv_header_fcntl_h=yes
ac_cv_header_inttypes_h=yes
ac_cv_header_stdint_h=yes
ac_cv_header_stdio_h=yes
ac_cv_header_stdlib_h=yes
ac_cv_header_string_h=yes
ac_cv_header_strings_h=yes
ac_cv_header_sys_param_h=yes
ac_cv_header_sys_stat_h=yes
ac_cv_header_sys_types_h=yes
ac_cv_header_unistd_h=yes
ac_cv_header_windows_h=no
ac_cv_header_zlib_h=yes
ac_cv_host=x86_64-apple-darwin21.2.0
ac_cv_lib_bz2_BZ2_bzDecompress=yes
ac_cv_lib_z_gzsetparams=yes
ac_cv_objext=o
ac_cv_path_EGREP='/usr/bin/grep -E'
ac_cv_path_FGREP='/usr/bin/grep -F'
ac_cv_path_GREP=/usr/bin/grep
ac_cv_path_SED=/usr/bin/sed
ac_cv_path_install='/usr/bin/install -c'
ac_cv_path_lt_DD=/bin/dd
ac_cv_prog_AWK=awk
ac_cv_prog_CPP='gcc -E'
ac_cv_prog_PYTHON=python3
ac_cv_prog_ac_ct_AR=ar
ac_cv_prog_ac_ct_CC=gcc
ac_cv_prog_ac_ct_DSYMUTIL=dsymutil
ac_cv_prog_ac_ct_LIPO=lipo
ac_cv_prog_ac_ct_NMEDIT=nmedit
ac_cv_prog_ac_ct_OBJDUMP=objdump
ac_cv_prog_ac_ct_OTOOL=otool
ac_cv_prog_ac_ct_RANLIB=ranlib
ac_cv_prog_ac_ct_STRIP=strip
ac_cv_prog_cc_c11=
ac_cv_prog_cc_g=yes
ac_cv_prog_cc_stdc=
ac_cv_search_clock_gettime='none required'
ac_cv_sys_file_offset_bits=no
ac_cv_sys_largefile_CC=no
ac_cv_target=x86_64-apple-darwin21.2.0
ax_cv_PTHREAD_CLANG=yes
ax_cv_PTHREAD_CLANG_NO_WARN_FLAG=no
ax_cv_PTHREAD_JOINABLE_ATTR=PTHREAD_CREATE_JOINABLE
ax_cv_PTHREAD_PRIO_INHERIT=yes
ax_cv_PTHREAD_SPECIAL_FLAGS=no
lt_cv_apple_cc_single_mod=yes
lt_cv_ar_at_file=no
lt_cv_deplibs_check_method=pass_all
lt_cv_file_magic_cmd='$MAGIC_CMD'
lt_cv_file_magic_test_file=
lt_cv_ld_exported_symbols_list=yes
lt_cv_ld_force_load=yes
lt_cv_ld_reload_flag=-r
lt_cv_nm_interface='BSD nm'
lt_cv_objdir=.libs
lt_cv_path_LD=/Applications/Xcode.app/Contents/Developer/Toolchains/XcodeDefault.xctoolchain/usr/bin/ld
lt_cv_path_NM='/usr/bin/nm -B'
lt_cv_path_mainfest_tool=no
lt_cv_prog_compiler_c_o=yes
lt_cv_prog_compiler_pic='-fno-common -DPIC'
lt_cv_prog_compiler_pic_works=yes
lt_cv_prog_compiler_rtti_exceptions=yes
lt_cv_prog_compiler_static_works=no
lt_cv_prog_gnu_ld=no
lt_cv_sharedlib_from_linklib_cmd='printf %s\n'
lt_cv_sys_global_symbol_pipe='sed -n -e '\''s/^.*[	 ]\([BCDEGRST][BCDEGRST]*\)[	 ][	 ]*_\([_A-Za-z][_A-Za-z0-9]*\)$/\1 _\2 \2/p'\'' | sed '\''/ __gnu_lto/d'\'''
lt_cv_sys_global_symbol_to_c_name_address='sed -n -e '\''s/^: \(.*\) .*$/  {"\1", (void *) 0},/p'\'' -e '\''s/^[BCDEGRST][BCDEGRST]* .* \(.*\)$/  {"\1", (void *) \&\1},/p'\'''
lt_cv_sys_global_symbol_to_c_name_address_lib_prefix='sed -n -e '\''s/^: \(.*\) .*$/  {"\1", (void *) 0},/p'\'' -e '\''s/^[BCDEGRST][BCDEGRST]* .* \(lib.*\)$/  {"\1", (void *) \&\1},/p'\'' -e '\''s/^[BCDEGRST][BCDEGRST]* .* \(.*\)$/  {"lib\1", (void *) \&\1},/p'\'''
lt_cv_sys_global_symbol_to_cdecl='sed -n -e '\''s/^T .* \(.*\)$/extern int \1();/p'\'' -e '\''s/^[BCDEGRST][BCDEGRST]* .* \(.*\)$/extern char \1;/p'\'''
lt_cv_sys_global_symbol_to_import=
lt_cv_sys_max_cmd_len=786432
lt_cv_to_host_file_cmd=func_convert_file_noop
lt_cv_to_tool_file_cmd=func_convert_file_noop
lt_cv_truncate_bin='/bin/dd bs=4096 count=1'

## ----------------- ##
## Output variables. ##
## ----------------- ##

AR='ar'
AS='as'
AWK='awk'
BROTLI_CFLAGS=''
BROTLI_LIBS=''
BZIP2_CFLAGS=''
BZIP2_LIBS='-lbz2'
CC='gcc'
CC_BUILD='gcc'
CFLAGS='-g -O2 -fvisibility=hidden -DDARWIN_NO_CARBON   -pthread'
CPP='gcc -E'
CPPFLAGS=''
DEFS='-DHAVE_CONFIG_H'
DLLTOOL='false'
DSYMUTIL='dsymutil'
DUMPBIN=''
ECHO_C='\c'
ECHO_N=''
ECHO_T=''
EGREP='/usr/bin/grep -E'
EXEEXT=''
EXEEXT_BUILD=''
FGREP='/usr/bin/grep -F'
FTSYS_SRC='$(PLATFORM_DIR)/ftsystem.c'
GREP='/usr/bin/grep'
HARFBUZZ_CFLAGS=''
HARFBUZZ_LIBS=''
INSTALL_DATA='${INSTALL} -m 644'
INSTALL_FT2_CONFIG='FALSE'
INSTALL_PROGRAM='${INSTALL}'
INSTALL_SCRIPT='${INSTALL}'
LD='/Applications/Xcode.app/Contents/Developer/Toolchains/XcodeDefault.xctoolchain/usr/bin/ld'
LDFLAGS=' -lz -lbz2 -pthread -lpthread'
LIBOBJS=''
LIBPNG_CFLAGS=''
LIBPNG_LIBS=''
LIBS=''
LIBSSTATIC_CONFIG='-lfreetype -lz -lbz2'
LIBS_PRIVATE='-lz -lbz2'
LIBTOOL='$(SHELL) $(top_builddir)/libtool'
LIB_CLOCK_GETTIME=''
LIPO='lipo'
LN_S='ln -s'
LTLIBOBJS=''
LT_SYS_LIBRARY_PATH=''
MANIFEST_TOOL=':'
MKDIR_P='/Users/user/Desktop/gui_mlx/libs/freetype/builds/unix/./install-sh -c -d'
NM='/usr/bin/nm -B'
NMEDIT='nmedit'
OBJDUMP='objdump'
OBJEXT='o'
OTOOL64=':'
OTOOL='otool'
PACKAGE_BUGREPORT='freetype@nongnu.org'
PACKAGE_NAME='FreeType'
PACKAGE_STRING='FreeType 2.11.1'
PACKAGE_TARNAME='freetype'
PACKAGE_URL=''
PACKAGE_VERSION='2.11.1'
PATH_SEPARATOR=':'
PKG_CONFIG=''
PKG_CONFIG_LIBDIR=''
PKG_CONFIG_PATH=''
PTHREAD_CC='gcc'
PTHREAD_CFLAGS='-pthread'
PTHREAD_CXX=''
PTHREAD_LIBS='-lpthread'
PYTHON='python3'
PYTHON_VERSION='3.9.9'
RANLIB='ranlib'
RC=''
REQUIRES_PRIVATE=''
SED='/usr/bin/sed'
SHELL='/bin/sh'
STRIP='strip'
XX_ANSIFLAGS=' -pedantic -std=c99'
XX_CFLAGS='-Wall'
ZLIB_CFLAGS=''
ZLIB_LIBS='-lz'
ac_ct_AR='ar'
ac_ct_CC='gcc'
ac_ct_DUMPBIN=''
ax_pthread_config=''
bindir='${exec_prefix}/bin'
build='x86_64-apple-darwin21.2.0'
build_alias=''
build_cpu='x86_64'
build_libtool_libs=''
build_os='darwin21.2.0'
build_vendor='apple'
datadir='${datarootdir}'
datarootdir='${prefix}/share'
docdir='${datarootdir}/doc/${PACKAGE_TARNAME}'
dvidir='${docdir}'
exec_prefix='${prefix}'
ft_version='24.1.18'
ftmac_c=''
hardcode_libdir_flag_spec=''
host='x86_64-apple-darwin21.2.0'
host_alias=''
host_cpu='x86_64'
host_os='darwin21.2.0'
host_vendor='apple'
htmldir='${docdir}'
includedir='${prefix}/include'
infodir='${datarootdir}/info'
libdir='${exec_prefix}/lib'
libexecdir='${exec_prefix}/libexec'
localedir='${datarootdir}/locale'
localstatedir='${prefix}/var'
mandir='${datarootdir}/man'
oldincludedir='/usr/include'
pdfdir='${docdir}'
prefix='/Users/user/Desktop/gui_mlx/libs/freetype/objs/.libs'
program_transform_name='s,x,x,'
psdir='${docdir}'
runstatedir='${localstatedir}/run'
sbindir='${exec_prefix}/sbin'
sharedstatedir='${prefix}/com'
sysconfdir='${prefix}/etc'
target='x86_64-apple-darwin21.2.0'
target_alias=''
target_cpu='x86_64'
target_os='darwin21.2.0'
target_vendor='apple'
version_info='24:1:18'
wl='-Wl,'

## ----------- ##
## confdefs.h. ##
## ----------- ##

/* confdefs.h */
#define PACKAGE_NAME "FreeType"
#define PACKAGE_TARNAME "freetype"
#define PACKAGE_VERSION "2.11.1"
#define PACKAGE_STRING "FreeType 2.11.1"
#define PACKAGE_BUGREPORT "freetype@nongnu.org"
#define PACKAGE_URL ""
#define HAVE_STDIO_H 1
#define HAVE_STDLIB_H 1
#define HAVE_STRING_H 1
#define HAVE_INTTYPES_H 1
#define HAVE_STDINT_H 1
#define HAVE_STRINGS_H 1
#define HAVE_SYS_STAT_H 1
#define HAVE_SYS_TYPES_H 1
#define HAVE_UNISTD_H 1
#define HAVE_SYS_PARAM_H 1
#define STDC_HEADERS 1
#define HAVE_DLFCN_H 1
#define LT_OBJDIR ".libs/"
#define HAVE_FCNTL_H 1
#define HAVE_UNISTD_H 1
#define HAVE_GETPAGESIZE 1
#define HAVE_MMAP 1
#define HAVE_DECL_MUNMAP 1
#define MUNMAP_USES_VOIDP /**/
#define HAVE_MEMCPY 1
#define HAVE_MEMMOVE 1
#define HAVE_PTHREAD_PRIO_INHERIT 1

configure: exit 0
